<?xml version="1.0" encoding="UTF-8"?>
<!-- Generated by org.testng.reporters.JUnitXMLReporter -->
<testsuite ignored="0" hostname="DESKTOP-7EUDCAL" failures="0" tests="3" name="Default test" time="7.722" errors="0" timestamp="2024-01-09T21:15:47 GMT-05:00">
  <testcase classname="DataProiverLogin" name="method" time="3.147"/>
  <testcase classname="DataProiverLogin" name="method" time="2.295"/>
  <testcase classname="DataProiverLogin" name="method" time="2.229"/>
</testsuite> <!-- Default test -->
