<?xml version="1.0" encoding="UTF-8"?>
<testng-results ignored="0" total="3" passed="3" failed="0" skipped="0">
  <reporter-output>
  </reporter-output>
  <suite started-at="2024-01-09T21:15:39 GMT-05:00" name="Default suite" finished-at="2024-01-09T21:15:46 GMT-05:00" duration-ms="7722">
    <groups>
    </groups>
    <test started-at="2024-01-09T21:15:39 GMT-05:00" name="Default test" finished-at="2024-01-09T21:15:46 GMT-05:00" duration-ms="7722">
      <class name="DataProiverLogin">
        <test-method signature="method(java.lang.String,java.lang.String)[pri:0, instance:DataProiverLogin@62e7f11d]" started-at="2024-01-09T21:15:39 GMT-05:00" name="method" data-provider="data" finished-at="2024-01-09T21:15:42 GMT-05:00" duration-ms="3147" status="PASS">
          <params>
            <param index="0">
              <value>
                <![CDATA[standard_user]]>
              </value>
            </param>
            <param index="1">
              <value>
                <![CDATA[secret_sauce]]>
              </value>
            </param>
          </params>
          <reporter-output>
          </reporter-output>
        </test-method> <!-- method -->
        <test-method signature="method(java.lang.String,java.lang.String)[pri:0, instance:DataProiverLogin@62e7f11d]" started-at="2024-01-09T21:15:42 GMT-05:00" name="method" data-provider="data" finished-at="2024-01-09T21:15:44 GMT-05:00" duration-ms="2295" status="PASS">
          <params>
            <param index="0">
              <value>
                <![CDATA[locked_out_user]]>
              </value>
            </param>
            <param index="1">
              <value>
                <![CDATA[secret_sauce]]>
              </value>
            </param>
          </params>
          <reporter-output>
          </reporter-output>
        </test-method> <!-- method -->
        <test-method signature="method(java.lang.String,java.lang.String)[pri:0, instance:DataProiverLogin@62e7f11d]" started-at="2024-01-09T21:15:44 GMT-05:00" name="method" data-provider="data" finished-at="2024-01-09T21:15:46 GMT-05:00" duration-ms="2229" status="PASS">
          <params>
            <param index="0">
              <value>
                <![CDATA[performance_glitch_user]]>
              </value>
            </param>
            <param index="1">
              <value>
                <![CDATA[secretsauce]]>
              </value>
            </param>
          </params>
          <reporter-output>
          </reporter-output>
        </test-method> <!-- method -->
      </class> <!-- DataProiverLogin -->
    </test> <!-- Default test -->
  </suite> <!-- Default suite -->
</testng-results>
