<?xml version="1.0" encoding="UTF-8"?>
<testng-results ignored="0" total="3" passed="3" failed="0" skipped="0">
  <reporter-output>
  </reporter-output>
  <suite started-at="2024-01-15T19:55:18 GMT-05:00" name="Default suite" finished-at="2024-01-15T19:55:18 GMT-05:00" duration-ms="68">
    <groups>
    </groups>
    <test started-at="2024-01-15T19:55:18 GMT-05:00" name="Default test" finished-at="2024-01-15T19:55:18 GMT-05:00" duration-ms="68">
      <class name="Prior">
        <test-method signature="c()[pri:-3, instance:Prior@776b83cc]" started-at="2024-01-15T19:55:18 GMT-05:00" name="c" finished-at="2024-01-15T19:55:18 GMT-05:00" duration-ms="9" status="PASS">
          <reporter-output>
          </reporter-output>
        </test-method> <!-- c -->
        <test-method signature="b()[pri:-2, instance:Prior@776b83cc]" started-at="2024-01-15T19:55:18 GMT-05:00" name="b" finished-at="2024-01-15T19:55:18 GMT-05:00" duration-ms="1" status="PASS">
          <reporter-output>
          </reporter-output>
        </test-method> <!-- b -->
        <test-method signature="a()[pri:1, instance:Prior@776b83cc]" started-at="2024-01-15T19:55:18 GMT-05:00" name="a" finished-at="2024-01-15T19:55:18 GMT-05:00" duration-ms="1" status="PASS">
          <reporter-output>
          </reporter-output>
        </test-method> <!-- a -->
      </class> <!-- Prior -->
    </test> <!-- Default test -->
  </suite> <!-- Default suite -->
</testng-results>
