<?xml version="1.0" encoding="UTF-8"?>
<!-- Generated by org.testng.reporters.JUnitXMLReporter -->
<testsuite ignored="0" hostname="DESKTOP-7EUDCAL" failures="0" tests="3" name="Test" time="0.086" errors="0" timestamp="2024-01-08T21:06:34 GMT-05:00">
  <testcase classname="Annotations.Annotation_Examples" name="method1" time="0.012"/>
  <testcase classname="Annotations.Annotation_Examples" name="method2" time="0.002"/>
  <testcase classname="Annotations.AnnotTest" name="m1" time="0.002"/>
</testsuite> <!-- Test -->
