<?xml version="1.0" encoding="UTF-8"?>
<testng-results ignored="0" total="1" passed="1" failed="0" skipped="0">
  <reporter-output>
  </reporter-output>
  <suite started-at="2024-01-11T21:09:01 GMT-05:00" name="Default suite" finished-at="2024-01-11T21:09:09 GMT-05:00" duration-ms="7757">
    <groups>
    </groups>
    <test started-at="2024-01-11T21:09:01 GMT-05:00" name="Default test" finished-at="2024-01-11T21:09:09 GMT-05:00" duration-ms="7757">
      <class name="com.sauce.testcases.AddtoCartTest">
        <test-method is-config="true" signature="init()[pri:0, instance:com.sauce.testcases.AddtoCartTest@d29f28]" started-at="2024-01-11T21:09:01 GMT-05:00" name="init" finished-at="2024-01-11T21:09:07 GMT-05:00" duration-ms="5871" status="PASS">
          <reporter-output>
          </reporter-output>
        </test-method> <!-- init -->
        <test-method signature="addtocarttest()[pri:0, instance:com.sauce.testcases.AddtoCartTest@d29f28]" started-at="2024-01-11T21:09:07 GMT-05:00" name="addtocarttest" finished-at="2024-01-11T21:09:08 GMT-05:00" duration-ms="1285" status="PASS">
          <reporter-output>
          </reporter-output>
        </test-method> <!-- addtocarttest -->
        <test-method is-config="true" signature="teardown()[pri:0, instance:com.sauce.testcases.AddtoCartTest@d29f28]" started-at="2024-01-11T21:09:08 GMT-05:00" name="teardown" finished-at="2024-01-11T21:09:09 GMT-05:00" duration-ms="500" status="PASS">
          <reporter-output>
          </reporter-output>
        </test-method> <!-- teardown -->
      </class> <!-- com.sauce.testcases.AddtoCartTest -->
    </test> <!-- Default test -->
  </suite> <!-- Default suite -->
</testng-results>
