<?xml version="1.0" encoding="UTF-8"?>
<!-- Generated by org.testng.reporters.JUnitXMLReporter -->
<testsuite ignored="0" hostname="DESKTOP-7EUDCAL" failures="0" tests="3" name="SauceTests" time="12.366" errors="0" timestamp="2024-01-08T20:44:23 GMT-05:00">
  <testcase classname="SauceTestCases.AddtoCart" name="addtocartest" time="6.604"/>
  <testcase classname="SauceTestCases.Logout" name="logouttest" time="3.145"/>
  <testcase classname="SauceTestCases.Login" name="logintest" time="2.568"/>
</testsuite> <!-- SauceTests -->
