<?xml version="1.0" encoding="UTF-8"?>
<!-- Generated by org.testng.reporters.JUnitXMLReporter -->
<testsuite ignored="0" hostname="DESKTOP-7EUDCAL" failures="3" tests="7" name="SauceTests" time="35.456" errors="0" timestamp="2024-01-12T20:50:08 GMT-05:00">
  <testcase classname="com.sauce.testcases.HomePageTest" name="filtertest" time="2.364"/>
  <testcase classname="com.sauce.testcases.HomePageTest" name="logouttest" time="1.095"/>
  <testcase classname="com.sauce.testcases.HomePageTest" name="verifyFacebook" time="3.228">
    <failure type="java.io.IOException" message="The filename, directory name, or volume label syntax is incorrect">
      <![CDATA[java.io.IOException: The filename, directory name, or volume label syntax is incorrect
at java.base/java.io.WinNTFileSystem.canonicalize0(Native Method)
at java.base/java.io.WinNTFileSystem.canonicalize(WinNTFileSystem.java:417)
at java.base/java.io.File.getCanonicalPath(File.java:626)
at org.apache.commons.io.FileUtils.requireCanonicalPathsNotEquals(FileUtils.java:2702)
at org.apache.commons.io.FileUtils.copyFile(FileUtils.java:801)
at org.apache.commons.io.FileUtils.copyFile(FileUtils.java:834)
at org.apache.commons.io.FileUtils.copyFile(FileUtils.java:742)
at com.sauce.util.TestUtil.Screenshot(TestUtil.java:63)
at com.sauce.testcases.HomePageTest.verifyFacebook(HomePageTest.java:71)
at java.base/java.util.ArrayList.forEach(ArrayList.java:1511)
... Removed 27 stack frames]]>
    </failure>
  </testcase> <!-- verifyFacebook -->
  <testcase classname="com.sauce.testcases.HomePageTest" name="verifyLinkedin" time="2.795">
    <failure type="java.io.IOException" message="The filename, directory name, or volume label syntax is incorrect">
      <![CDATA[java.io.IOException: The filename, directory name, or volume label syntax is incorrect
at java.base/java.io.WinNTFileSystem.canonicalize0(Native Method)
at java.base/java.io.WinNTFileSystem.canonicalize(WinNTFileSystem.java:417)
at java.base/java.io.File.getCanonicalPath(File.java:626)
at org.apache.commons.io.FileUtils.requireCanonicalPathsNotEquals(FileUtils.java:2702)
at org.apache.commons.io.FileUtils.copyFile(FileUtils.java:801)
at org.apache.commons.io.FileUtils.copyFile(FileUtils.java:834)
at org.apache.commons.io.FileUtils.copyFile(FileUtils.java:742)
at com.sauce.util.TestUtil.Screenshot(TestUtil.java:63)
at com.sauce.testcases.HomePageTest.verifyLinkedin(HomePageTest.java:86)
at java.base/java.util.ArrayList.forEach(ArrayList.java:1511)
... Removed 27 stack frames]]>
    </failure>
  </testcase> <!-- verifyLinkedin -->
  <testcase classname="com.sauce.testcases.HomePageTest" name="verifyTwitter" time="5.68">
    <failure type="java.lang.AssertionError" message="expected [Twitter] but found [Sauce Labs (@saucelabs) / X]">
      <![CDATA[java.lang.AssertionError: expected [Twitter] but found [Sauce Labs (@saucelabs) / X]
at com.sauce.testcases.HomePageTest.verifyTwitter(HomePageTest.java:59)
at java.base/java.util.ArrayList.forEach(ArrayList.java:1511)
... Removed 33 stack frames]]>
    </failure>
  </testcase> <!-- verifyTwitter -->
  <testcase classname="com.sauce.testcases.LoginTest" name="inValidLogin" time="0.709"/>
  <testcase classname="com.sauce.testcases.LoginTest" name="validLogin" time="0.9"/>
</testsuite> <!-- SauceTests -->
