<?xml version="1.0" encoding="UTF-8"?>
<!-- Generated by org.testng.reporters.JUnitXMLReporter -->
<testsuite ignored="2" hostname="DESKTOP-7EUDCAL" failures="0" tests="0" time="0.014" errors="0" timestamp="2024-01-08T21:02:00 GMT-05:00">
  <testcase classname="Annotations.Annotation_Examples" name="method2" time="0.0">
    <ignored/>
  </testcase> <!-- method2 -->
  <testcase classname="Annotations.Annotation_Examples" name="method1" time="0.0">
    <ignored/>
  </testcase> <!-- method1 -->
</testsuite>
