<?xml version="1.0" encoding="UTF-8"?>
<!-- Generated by org.testng.reporters.JUnitXMLReporter -->
<testsuite ignored="4" hostname="DESKTOP-7EUDCAL" failures="0" tests="1" name="GroupTest" time="0.061" errors="0" timestamp="2024-01-09T20:18:51 GMT-05:00">
  <testcase classname="GroupsEx" name="logut" time="0.008"/>
  <testcase classname="GroupsEx" name="order" time="0.0">
    <ignored/>
  </testcase> <!-- order -->
  <testcase classname="GroupsEx" name="login" time="0.0">
    <ignored/>
  </testcase> <!-- login -->
  <testcase classname="GroupsEx" name="settings" time="0.0">
    <ignored/>
  </testcase> <!-- settings -->
  <testcase classname="GroupsEx" name="addtocart" time="0.0">
    <ignored/>
  </testcase> <!-- addtocart -->
</testsuite> <!-- GroupTest -->
